Build started 7/31/2020 10:52:49 AM.
     1>Project "D:\Dew_6306021620191\C++\week2\Count x to 100 program\Count x to 100 program\Count x to 100 program.vcxproj" on node 2 (build target(s)).
     1>InitializeBuildStatus:
         Creating "Debug\Count x to 100 program.unsuccessfulbuild" because "AlwaysCreate" was specified.
       ClCompile:
         C:\Program Files (x86)\Microsoft Visual Studio 10.0\VC\bin\CL.exe /c /ZI /nologo /W3 /WX- /Od /Oy- /D WIN32 /D _DEBUG /D _CONSOLE /D _UNICODE /D UNICODE /Gm /EHsc /RTC1 /MDd /GS /fp:precise /Zc:wchar_t /Zc:forScope /Fo"Debug\\" /Fd"Debug\vc100.pdb" /Gd /TP /analyze- /errorReport:prompt "count x to 100.cpp"
         count x to 100.cpp
       ManifestResourceCompile:
         All outputs are up-to-date.
       Link:
         C:\Program Files (x86)\Microsoft Visual Studio 10.0\VC\bin\link.exe /ERRORREPORT:PROMPT /OUT:"D:\Dew_6306021620191\C++\week2\Count x to 100 program\Debug\Count x to 100 program.exe" /INCREMENTAL /NOLOGO kernel32.lib user32.lib gdi32.lib winspool.lib comdlg32.lib advapi32.lib shell32.lib ole32.lib oleaut32.lib uuid.lib odbc32.lib odbccp32.lib /MANIFEST /ManifestFile:"Debug\Count x to 100 program.exe.intermediate.manifest" /MANIFESTUAC:"level='asInvoker' uiAccess='false'" /DEBUG /PDB:"D:\Dew_6306021620191\C++\week2\Count x to 100 program\Debug\Count x to 100 program.pdb" /SUBSYSTEM:CONSOLE /TLBID:1 /DYNAMICBASE /NXCOMPAT /IMPLIB:"D:\Dew_6306021620191\C++\week2\Count x to 100 program\Debug\Count x to 100 program.lib" /MACHINE:X86 "Debug\Count x to 100 program.exe.embed.manifest.res"
         "Debug\count x to 100.obj"
       Manifest:
         C:\Program Files (x86)\Microsoft SDKs\Windows\v7.0A\bin\mt.exe /nologo /verbose /out:"Debug\Count x to 100 program.exe.embed.manifest" /manifest "Debug\Count x to 100 program.exe.intermediate.manifest"
         All outputs are up-to-date.
       LinkEmbedManifest:
         All outputs are up-to-date.
         Count x to 100 program.vcxproj -> D:\Dew_6306021620191\C++\week2\Count x to 100 program\Debug\Count x to 100 program.exe
       FinalizeBuildStatus:
         Deleting file "Debug\Count x to 100 program.unsuccessfulbuild".
         Touching "Debug\Count x to 100 program.lastbuildstate".
     1>Done Building Project "D:\Dew_6306021620191\C++\week2\Count x to 100 program\Count x to 100 program\Count x to 100 program.vcxproj" (build target(s)).

Build succeeded.

Time Elapsed 00:00:00.66
