Build started 7/31/2020 11:30:51 AM.
     1>Project "D:\Dew_6306021620191\C++\week2\find odd and even number Program\find odd and even number Program\find odd and even number Program.vcxproj" on node 2 (build target(s)).
     1>InitializeBuildStatus:
         Creating "Debug\find odd and even number Program.unsuccessfulbuild" because "AlwaysCreate" was specified.
       ClCompile:
         C:\Program Files (x86)\Microsoft Visual Studio 10.0\VC\bin\CL.exe /c /ZI /nologo /W3 /WX- /Od /Oy- /D WIN32 /D _DEBUG /D _CONSOLE /D _UNICODE /D UNICODE /Gm /EHsc /RTC1 /MDd /GS /fp:precise /Zc:wchar_t /Zc:forScope /Fo"Debug\\" /Fd"Debug\vc100.pdb" /Gd /TP /analyze- /errorReport:prompt Even_Odd.cpp
         Even_Odd.cpp
       ManifestResourceCompile:
         All outputs are up-to-date.
       Link:
         C:\Program Files (x86)\Microsoft Visual Studio 10.0\VC\bin\link.exe /ERRORREPORT:PROMPT /OUT:"D:\Dew_6306021620191\C++\week2\find odd and even number Program\Debug\find odd and even number Program.exe" /INCREMENTAL /NOLOGO kernel32.lib user32.lib gdi32.lib winspool.lib comdlg32.lib advapi32.lib shell32.lib ole32.lib oleaut32.lib uuid.lib odbc32.lib odbccp32.lib /MANIFEST /ManifestFile:"Debug\find odd and even number Program.exe.intermediate.manifest" /MANIFESTUAC:"level='asInvoker' uiAccess='false'" /DEBUG /PDB:"D:\Dew_6306021620191\C++\week2\find odd and even number Program\Debug\find odd and even number Program.pdb" /SUBSYSTEM:CONSOLE /TLBID:1 /DYNAMICBASE /NXCOMPAT /IMPLIB:"D:\Dew_6306021620191\C++\week2\find odd and even number Program\Debug\find odd and even number Program.lib" /MACHINE:X86 "Debug\find odd and even number Program.exe.embed.manifest.res"
         Debug\Even_Odd.obj
       Manifest:
         C:\Program Files (x86)\Microsoft SDKs\Windows\v7.0A\bin\mt.exe /nologo /verbose /out:"Debug\find odd and even number Program.exe.embed.manifest" /manifest "Debug\find odd and even number Program.exe.intermediate.manifest"
         All outputs are up-to-date.
       LinkEmbedManifest:
         All outputs are up-to-date.
         find odd and even number Program.vcxproj -> D:\Dew_6306021620191\C++\week2\find odd and even number Program\Debug\find odd and even number Program.exe
       FinalizeBuildStatus:
         Deleting file "Debug\find odd and even number Program.unsuccessfulbuild".
         Touching "Debug\find odd and even number Program.lastbuildstate".
     1>Done Building Project "D:\Dew_6306021620191\C++\week2\find odd and even number Program\find odd and even number Program\find odd and even number Program.vcxproj" (build target(s)).

Build succeeded.

Time Elapsed 00:00:00.66
